
To list all available conda3 environments, use
	ls $CONDA_HOME/envs

To enable use of a miniconda software environment, use:
	module load conda3
	source $CONDA_PROF/conda.sh
	conda activate <environment name>

For example, to enable the vsearch 2.17.0 environment use:
	module load conda3
	source $CONDA_PROF/conda.sh
	conda activate vsearch-2.17.0

offline/497956a8-5342-4d77-87f5-98d9cbc6d185
Info (NVML): NVML Shared Library Not Found. GPU usage metrics may not be reported. For more information, see https://docs.neptune.ai/you-should-know/what-can-you-log-and-display#hardware-consumption
[32m[I 2022-04-14 09:58:14,407][0m Using an existing study with name '10' instead of creating a new one.[0m
[32m[I 2022-04-14 11:51:55,185][0m Trial 93 finished with value: 34.02340234023402 and parameters: {'tau': 0.009636328748160297, 'gamma': 9.15425582903005e-06}. Best is trial 90 with value: 46.474647464746475.[0m
Loading MNIST training samples...
Progress : 0 / 60000
Progress : 20000 / 60000
Progress : 40000 / 60000
Progress : 60000 / 60000
Training...
Training progress: sample (1000 / 60000) of epoch (1 / 1) - Elapsed time: 111.0876
Training progress: sample (2000 / 60000) of epoch (1 / 1) - Elapsed time: 222.2814
Training progress: sample (3000 / 60000) of epoch (1 / 1) - Elapsed time: 329.9944
Training progress: sample (4000 / 60000) of epoch (1 / 1) - Elapsed time: 429.3999
Training progress: sample (5000 / 60000) of epoch (1 / 1) - Elapsed time: 523.2205
Training progress: sample (6000 / 60000) of epoch (1 / 1) - Elapsed time: 626.8340
Training progress: sample (7000 / 60000) of epoch (1 / 1) - Elapsed time: 733.2184
Training progress: sample (8000 / 60000) of epoch (1 / 1) - Elapsed time: 835.8423
Training progress: sample (9000 / 60000) of epoch (1 / 1) - Elapsed time: 937.4782
Training progress: sample (10000 / 60000) of epoch (1 / 1) - Elapsed time: 1043.9303
Training progress: sample (11000 / 60000) of epoch (1 / 1) - Elapsed time: 1152.0242
Training progress: sample (12000 / 60000) of epoch (1 / 1) - Elapsed time: 1257.6307
Training progress: sample (13000 / 60000) of epoch (1 / 1) - Elapsed time: 1353.6906
Training progress: sample (14000 / 60000) of epoch (1 / 1) - Elapsed time: 1450.9607
Training progress: sample (15000 / 60000) of epoch (1 / 1) - Elapsed time: 1552.3821
Training progress: sample (16000 / 60000) of epoch (1 / 1) - Elapsed time: 1660.1470
Training progress: sample (17000 / 60000) of epoch (1 / 1) - Elapsed time: 1766.0628
Training progress: sample (18000 / 60000) of epoch (1 / 1) - Elapsed time: 1861.8024
Training progress: sample (19000 / 60000) of epoch (1 / 1) - Elapsed time: 1963.5358
Training progress: sample (20000 / 60000) of epoch (1 / 1) - Elapsed time: 2060.6998
Training progress: sample (21000 / 60000) of epoch (1 / 1) - Elapsed time: 2159.0826
Training progress: sample (22000 / 60000) of epoch (1 / 1) - Elapsed time: 2258.5632
Training progress: sample (23000 / 60000) of epoch (1 / 1) - Elapsed time: 2358.2201
Training progress: sample (24000 / 60000) of epoch (1 / 1) - Elapsed time: 2454.0431
Training progress: sample (25000 / 60000) of epoch (1 / 1) - Elapsed time: 2555.8290
Training progress: sample (26000 / 60000) of epoch (1 / 1) - Elapsed time: 2655.8088
Training progress: sample (27000 / 60000) of epoch (1 / 1) - Elapsed time: 2756.6451
Training progress: sample (28000 / 60000) of epoch (1 / 1) - Elapsed time: 2854.3431
Training progress: sample (29000 / 60000) of epoch (1 / 1) - Elapsed time: 2953.8907
Training progress: sample (30000 / 60000) of epoch (1 / 1) - Elapsed time: 3053.9608
Training progress: sample (31000 / 60000) of epoch (1 / 1) - Elapsed time: 3152.9733
Training progress: sample (32000 / 60000) of epoch (1 / 1) - Elapsed time: 3250.3295
Training progress: sample (33000 / 60000) of epoch (1 / 1) - Elapsed time: 3348.6896
Training progress: sample (34000 / 60000) of epoch (1 / 1) - Elapsed time: 3448.6653
Training progress: sample (35000 / 60000) of epoch (1 / 1) - Elapsed time: 3552.5783
Training progress: sample (36000 / 60000) of epoch (1 / 1) - Elapsed time: 3654.0140
Training progress: sample (37000 / 60000) of epoch (1 / 1) - Elapsed time: 3756.8149
Training progress: sample (38000 / 60000) of epoch (1 / 1) - Elapsed time: 3862.2814
Training progress: sample (39000 / 60000) of epoch (1 / 1) - Elapsed time: 3963.8434
Training progress: sample (40000 / 60000) of epoch (1 / 1) - Elapsed time: 4059.0573
Training progress: sample (41000 / 60000) of epoch (1 / 1) - Elapsed time: 4179.3349
Training progress: sample (42000 / 60000) of epoch (1 / 1) - Elapsed time: 4297.5967
Training progress: sample (43000 / 60000) of epoch (1 / 1) - Elapsed time: 4416.2544
Training progress: sample (44000 / 60000) of epoch (1 / 1) - Elapsed time: 4534.8260
Training progress: sample (45000 / 60000) of epoch (1 / 1) - Elapsed time: 4633.5144
Training progress: sample (46000 / 60000) of epoch (1 / 1) - Elapsed time: 4732.0175
Training progress: sample (47000 / 60000) of epoch (1 / 1) - Elapsed time: 4828.9411
Training progress: sample (48000 / 60000) of epoch (1 / 1) - Elapsed time: 4922.9232
Training progress: sample (49000 / 60000) of epoch (1 / 1) - Elapsed time: 5023.4681
Training progress: sample (50000 / 60000) of epoch (1 / 1) - Elapsed time: 5124.4427
Training progress: sample (51000 / 60000) of epoch (1 / 1) - Elapsed time: 5229.0545
Training progress: sample (52000 / 60000) of epoch (1 / 1) - Elapsed time: 5332.9112
Training progress: sample (53000 / 60000) of epoch (1 / 1) - Elapsed time: 5438.7033
Training progress: sample (54000 / 60000) of epoch (1 / 1) - Elapsed time: 5542.1876
Training progress: sample (55000 / 60000) of epoch (1 / 1) - Elapsed time: 5644.9556
Training progress: sample (56000 / 60000) of epoch (1 / 1) - Elapsed time: 5750.0433
Training progress: sample (57000 / 60000) of epoch (1 / 1) - Elapsed time: 5853.5600
Training progress: sample (58000 / 60000) of epoch (1 / 1) - Elapsed time: 5953.3379
Training progress: sample (59000 / 60000) of epoch (1 / 1) - Elapsed time: 6050.7448
Training progress: sample (60000 / 60000) of epoch (1 / 1) - Elapsed time: 6147.4840
Loading MNIST test samples...
Progress : 0 / 10000
Progress : 10000 / 10000
Testing...
Validation/test progress: sample (1000 / 10000) - Elapsed time: 66.5872 - Running accuracy: 32.33% ( 323 / 1000 )
Validation/test progress: sample (2000 / 10000) - Elapsed time: 133.7909 - Running accuracy: 31.82% ( 636 / 2000 )
Validation/test progress: sample (3000 / 10000) - Elapsed time: 200.8737 - Running accuracy: 32.31% ( 969 / 3000 )
Validation/test progress: sample (4000 / 10000) - Elapsed time: 266.8133 - Running accuracy: 32.03% ( 1281 / 4000 )
Validation/test progress: sample (5000 / 10000) - Elapsed time: 331.7031 - Running accuracy: 32.17% ( 1608 / 5000 )
Validation/test progress: sample (6000 / 10000) - Elapsed time: 398.8223 - Running accuracy: 33.06% ( 1983 / 6000 )
Validation/test progress: sample (7000 / 10000) - Elapsed time: 465.4675 - Running accuracy: 33.19% ( 2323 / 7000 )
Validation/test progress: sample (8000 / 10000) - Elapsed time: 525.6923 - Running accuracy: 33.37% ( 2669 / 8000 )
Validation/test progress: sample (9000 / 10000) - Elapsed time: 588.8644 - Running accuracy: 33.88% ( 3049 / 9000 )
Validation/test progress: sample (10000 / 10000) - Elapsed time: 652.2822 - Running accuracy: 34.02% ( 3402 / 10000 )
Loading MNIST training samples...
Progress : 0 / 60000
Progress : 20000 / 60000
Progress : 40000 / 60000
Progress : 60000 / 60000
Training...
Training progress: sample (1000 / 60000) of epoch (1 / 1) - Elapsed time: 86.2068
Training progress: sample (2000 / 60000) of epoch (1 / 1) - Elapsed time: 175.8287
Training progress: sample (3000 / 60000) of epoch (1 / 1) - Elapsed time: 268.5142
Training progress: sample (4000 / 60000) of epoch (1 / 1) - Elapsed time: 363.7575
Training progress: sample (5000 / 60000) of epoch (1 / 1) - Elapsed time: 461.7824
Training progress: sample (6000 / 60000) of epoch (1 / 1) - Elapsed time: 558.7845
Training progress: sample (7000 / 60000) of epoch (1 / 1) - Elapsed time: 653.1461
Training progress: sample (8000 / 60000) of epoch (1 / 1) - Elapsed time: 742.6902
Training progress: sample (9000 / 60000) of epoch (1 / 1) - Elapsed time: 837.0264
Training progress: sample (10000 / 60000) of epoch (1 / 1) - Elapsed time: 931.2231
Training progress: sample (11000 / 60000) of epoch (1 / 1) - Elapsed time: 1030.6124
Training progress: sample (12000 / 60000) of epoch (1 / 1) - Elapsed time: 1133.4695
Training progress: sample (13000 / 60000) of epoch (1 / 1) - Elapsed time: 1230.6676
Training progress: sample (14000 / 60000) of epoch (1 / 1) - Elapsed time: 1327.9551
Training progress: sample (15000 / 60000) of epoch (1 / 1) - Elapsed time: 1418.9394
Training progress: sample (16000 / 60000) of epoch (1 / 1) - Elapsed time: 1512.1773
Training progress: sample (17000 / 60000) of epoch (1 / 1) - Elapsed time: 1614.3301
Training progress: sample (18000 / 60000) of epoch (1 / 1) - Elapsed time: 1710.9998
[32m[I 2022-04-14 13:34:50,439][0m Trial 112 finished with value: 40.284028402840285 and parameters: {'tau': 0.049086917990066994, 'gamma': 2.8934581944473186e-06}. Best is trial 47 with value: 47.94479447944794.[0m
Training progress: sample (19000 / 60000) of epoch (1 / 1) - Elapsed time: 1800.8104
Training progress: sample (20000 / 60000) of epoch (1 / 1) - Elapsed time: 1881.6859
Training progress: sample (21000 / 60000) of epoch (1 / 1) - Elapsed time: 1979.6267
Training progress: sample (22000 / 60000) of epoch (1 / 1) - Elapsed time: 2074.8376
Training progress: sample (23000 / 60000) of epoch (1 / 1) - Elapsed time: 2164.0655
Training progress: sample (24000 / 60000) of epoch (1 / 1) - Elapsed time: 2253.6810
Training progress: sample (25000 / 60000) of epoch (1 / 1) - Elapsed time: 2351.8220
Training progress: sample (26000 / 60000) of epoch (1 / 1) - Elapsed time: 2449.9632
Training progress: sample (27000 / 60000) of epoch (1 / 1) - Elapsed time: 2544.5548
Training progress: sample (28000 / 60000) of epoch (1 / 1) - Elapsed time: 2637.2717
Training progress: sample (29000 / 60000) of epoch (1 / 1) - Elapsed time: 2732.1060
Training progress: sample (30000 / 60000) of epoch (1 / 1) - Elapsed time: 2826.7352
Training progress: sample (31000 / 60000) of epoch (1 / 1) - Elapsed time: 2912.4983
Training progress: sample (32000 / 60000) of epoch (1 / 1) - Elapsed time: 3008.0907
Training progress: sample (33000 / 60000) of epoch (1 / 1) - Elapsed time: 3100.6169
Training progress: sample (34000 / 60000) of epoch (1 / 1) - Elapsed time: 3195.8959
Training progress: sample (35000 / 60000) of epoch (1 / 1) - Elapsed time: 3289.5006
Training progress: sample (36000 / 60000) of epoch (1 / 1) - Elapsed time: 3380.5017
Training progress: sample (37000 / 60000) of epoch (1 / 1) - Elapsed time: 3471.0965
Training progress: sample (38000 / 60000) of epoch (1 / 1) - Elapsed time: 3561.8540
Training progress: sample (39000 / 60000) of epoch (1 / 1) - Elapsed time: 3656.8747
Training progress: sample (40000 / 60000) of epoch (1 / 1) - Elapsed time: 3749.5664
Training progress: sample (41000 / 60000) of epoch (1 / 1) - Elapsed time: 3844.1707
Training progress: sample (42000 / 60000) of epoch (1 / 1) - Elapsed time: 3935.0884
Training progress: sample (43000 / 60000) of epoch (1 / 1) - Elapsed time: 4027.6471
Training progress: sample (44000 / 60000) of epoch (1 / 1) - Elapsed time: 4123.8486
Training progress: sample (45000 / 60000) of epoch (1 / 1) - Elapsed time: 4216.7403
Training progress: sample (46000 / 60000) of epoch (1 / 1) - Elapsed time: 4308.2380
Training progress: sample (47000 / 60000) of epoch (1 / 1) - Elapsed time: 4398.8781
Training progress: sample (48000 / 60000) of epoch (1 / 1) - Elapsed time: 4488.7888
Training progress: sample (49000 / 60000) of epoch (1 / 1) - Elapsed time: 4580.2023
Training progress: sample (50000 / 60000) of epoch (1 / 1) - Elapsed time: 4668.1190
Training progress: sample (51000 / 60000) of epoch (1 / 1) - Elapsed time: 4760.5282
Training progress: sample (52000 / 60000) of epoch (1 / 1) - Elapsed time: 4850.0623
Training progress: sample (53000 / 60000) of epoch (1 / 1) - Elapsed time: 4942.6197
Training progress: sample (54000 / 60000) of epoch (1 / 1) - Elapsed time: 5029.7997
Training progress: sample (55000 / 60000) of epoch (1 / 1) - Elapsed time: 5120.2622
Training progress: sample (56000 / 60000) of epoch (1 / 1) - Elapsed time: 5211.8073
Training progress: sample (57000 / 60000) of epoch (1 / 1) - Elapsed time: 5302.5794
Training progress: sample (58000 / 60000) of epoch (1 / 1) - Elapsed time: 5392.4675
Training progress: sample (59000 / 60000) of epoch (1 / 1) - Elapsed time: 5479.8887
Training progress: sample (60000 / 60000) of epoch (1 / 1) - Elapsed time: 5566.4337
Loading MNIST test samples...
Progress : 0 / 10000
Progress : 10000 / 10000
Testing...
Validation/test progress: sample (1000 / 10000) - Elapsed time: 53.9552 - Running accuracy: 40.04% ( 400 / 1000 )
Validation/test progress: sample (2000 / 10000) - Elapsed time: 108.3620 - Running accuracy: 38.52% ( 770 / 2000 )
Validation/test progress: sample (3000 / 10000) - Elapsed time: 162.7986 - Running accuracy: 38.71% ( 1161 / 3000 )
Validation/test progress: sample (4000 / 10000) - Elapsed time: 218.3989 - Running accuracy: 38.46% ( 1538 / 4000 )
Validation/test progress: sample (5000 / 10000) - Elapsed time: 276.1691 - Running accuracy: 38.61% ( 1930 / 5000 )
Validation/test progress: sample (6000 / 10000) - Elapsed time: 338.0925 - Running accuracy: 39.12% ( 2347 / 6000 )
Validation/test progress: sample (7000 / 10000) - Elapsed time: 399.8354 - Running accuracy: 39.22% ( 2745 / 7000 )
Validation/test progress: sample (8000 / 10000) - Elapsed time: 460.1810 - Running accuracy: 39.72% ( 3177 / 8000 )
Validation/test progress: sample (9000 / 10000) - Elapsed time: 522.5624 - Running accuracy: 40.15% ( 3613 / 9000 )
Validation/test progress: sample (10000 / 10000) - Elapsed time: 586.5484 - Running accuracy: 40.28% ( 4028 / 10000 )
Loading MNIST training samples...
Progress : 0 / 60000
Progress : 20000 / 60000
Progress : 40000 / 60000
Progress : 60000 / 60000
Training...
Training progress: sample (1000 / 60000) of epoch (1 / 1) - Elapsed time: 88.8472
Training progress: sample (2000 / 60000) of epoch (1 / 1) - Elapsed time: 178.4909
Training progress: sample (3000 / 60000) of epoch (1 / 1) - Elapsed time: 268.5903
Training progress: sample (4000 / 60000) of epoch (1 / 1) - Elapsed time: 361.3376
Training progress: sample (5000 / 60000) of epoch (1 / 1) - Elapsed time: 454.6361
Training progress: sample (6000 / 60000) of epoch (1 / 1) - Elapsed time: 552.0614
Training progress: sample (7000 / 60000) of epoch (1 / 1) - Elapsed time: 648.2750
Training progress: sample (8000 / 60000) of epoch (1 / 1) - Elapsed time: 740.7925
Training progress: sample (9000 / 60000) of epoch (1 / 1) - Elapsed time: 834.5113
Training progress: sample (10000 / 60000) of epoch (1 / 1) - Elapsed time: 929.2907
Training progress: sample (11000 / 60000) of epoch (1 / 1) - Elapsed time: 1023.9218
Training progress: sample (12000 / 60000) of epoch (1 / 1) - Elapsed time: 1119.0049
Training progress: sample (13000 / 60000) of epoch (1 / 1) - Elapsed time: 1213.8566
Training progress: sample (14000 / 60000) of epoch (1 / 1) - Elapsed time: 1309.6890
Training progress: sample (15000 / 60000) of epoch (1 / 1) - Elapsed time: 1406.3834
Training progress: sample (16000 / 60000) of epoch (1 / 1) - Elapsed time: 1505.5921
Training progress: sample (17000 / 60000) of epoch (1 / 1) - Elapsed time: 1596.1073
Training progress: sample (18000 / 60000) of epoch (1 / 1) - Elapsed time: 1691.3300
Training progress: sample (19000 / 60000) of epoch (1 / 1) - Elapsed time: 1788.5668
Training progress: sample (20000 / 60000) of epoch (1 / 1) - Elapsed time: 1882.7630
Training progress: sample (21000 / 60000) of epoch (1 / 1) - Elapsed time: 1978.7302
Training progress: sample (22000 / 60000) of epoch (1 / 1) - Elapsed time: 2073.7742
Training progress: sample (23000 / 60000) of epoch (1 / 1) - Elapsed time: 2164.7178
Training progress: sample (24000 / 60000) of epoch (1 / 1) - Elapsed time: 2258.0559
Training progress: sample (25000 / 60000) of epoch (1 / 1) - Elapsed time: 2352.7595
Training progress: sample (26000 / 60000) of epoch (1 / 1) - Elapsed time: 2444.5579
Training progress: sample (27000 / 60000) of epoch (1 / 1) - Elapsed time: 2538.0112
Training progress: sample (28000 / 60000) of epoch (1 / 1) - Elapsed time: 2628.4699
Training progress: sample (29000 / 60000) of epoch (1 / 1) - Elapsed time: 2722.9453
Training progress: sample (30000 / 60000) of epoch (1 / 1) - Elapsed time: 2817.6280
Training progress: sample (31000 / 60000) of epoch (1 / 1) - Elapsed time: 2912.0094
Training progress: sample (32000 / 60000) of epoch (1 / 1) - Elapsed time: 3005.6032
Training progress: sample (33000 / 60000) of epoch (1 / 1) - Elapsed time: 3099.6043
Training progress: sample (34000 / 60000) of epoch (1 / 1) - Elapsed time: 3196.3109
Training progress: sample (35000 / 60000) of epoch (1 / 1) - Elapsed time: 3284.0871
Training progress: sample (36000 / 60000) of epoch (1 / 1) - Elapsed time: 3369.3626
Training progress: sample (37000 / 60000) of epoch (1 / 1) - Elapsed time: 3455.8078
Training progress: sample (38000 / 60000) of epoch (1 / 1) - Elapsed time: 3550.8087
[32m[I 2022-04-14 15:20:25,305][0m Trial 207 finished with value: 39.69396939693969 and parameters: {'tau': 0.03425498054978082, 'gamma': 9.363784890846336e-06}. Best is trial 150 with value: 49.14491449144914.[0m
Training progress: sample (39000 / 60000) of epoch (1 / 1) - Elapsed time: 3643.9759
Training progress: sample (40000 / 60000) of epoch (1 / 1) - Elapsed time: 3740.0147
Training progress: sample (41000 / 60000) of epoch (1 / 1) - Elapsed time: 3832.6150
Training progress: sample (42000 / 60000) of epoch (1 / 1) - Elapsed time: 3926.1201
Training progress: sample (43000 / 60000) of epoch (1 / 1) - Elapsed time: 4020.7334
Training progress: sample (44000 / 60000) of epoch (1 / 1) - Elapsed time: 4115.6403
Training progress: sample (45000 / 60000) of epoch (1 / 1) - Elapsed time: 4207.7688
Training progress: sample (46000 / 60000) of epoch (1 / 1) - Elapsed time: 4302.1428
Training progress: sample (47000 / 60000) of epoch (1 / 1) - Elapsed time: 4393.0348
Training progress: sample (48000 / 60000) of epoch (1 / 1) - Elapsed time: 4488.1648
Training progress: sample (49000 / 60000) of epoch (1 / 1) - Elapsed time: 4588.3379
Training progress: sample (50000 / 60000) of epoch (1 / 1) - Elapsed time: 4684.1409
Training progress: sample (51000 / 60000) of epoch (1 / 1) - Elapsed time: 4782.3558
Training progress: sample (52000 / 60000) of epoch (1 / 1) - Elapsed time: 4880.2307
Training progress: sample (53000 / 60000) of epoch (1 / 1) - Elapsed time: 4977.0181
Training progress: sample (54000 / 60000) of epoch (1 / 1) - Elapsed time: 5073.3598
Training progress: sample (55000 / 60000) of epoch (1 / 1) - Elapsed time: 5173.0653
Training progress: sample (56000 / 60000) of epoch (1 / 1) - Elapsed time: 5272.3553
Training progress: sample (57000 / 60000) of epoch (1 / 1) - Elapsed time: 5371.9938
Training progress: sample (58000 / 60000) of epoch (1 / 1) - Elapsed time: 5469.9217
Training progress: sample (59000 / 60000) of epoch (1 / 1) - Elapsed time: 5567.9936
Training progress: sample (60000 / 60000) of epoch (1 / 1) - Elapsed time: 5662.8218
Loading MNIST test samples...
Progress : 0 / 10000
Progress : 10000 / 10000
Testing...
Validation/test progress: sample (1000 / 10000) - Elapsed time: 65.8316 - Running accuracy: 37.64% ( 376 / 1000 )
Validation/test progress: sample (2000 / 10000) - Elapsed time: 129.1759 - Running accuracy: 36.62% ( 732 / 2000 )
Validation/test progress: sample (3000 / 10000) - Elapsed time: 194.5656 - Running accuracy: 36.91% ( 1107 / 3000 )
Validation/test progress: sample (4000 / 10000) - Elapsed time: 260.0535 - Running accuracy: 36.88% ( 1475 / 4000 )
Validation/test progress: sample (5000 / 10000) - Elapsed time: 325.1056 - Running accuracy: 37.15% ( 1857 / 5000 )
Validation/test progress: sample (6000 / 10000) - Elapsed time: 390.4153 - Running accuracy: 37.72% ( 2263 / 6000 )
Validation/test progress: sample (7000 / 10000) - Elapsed time: 456.1245 - Running accuracy: 38.01% ( 2660 / 7000 )
Validation/test progress: sample (8000 / 10000) - Elapsed time: 520.1383 - Running accuracy: 38.72% ( 3097 / 8000 )
Validation/test progress: sample (9000 / 10000) - Elapsed time: 582.1450 - Running accuracy: 39.42% ( 3547 / 9000 )
Validation/test progress: sample (10000 / 10000) - Elapsed time: 645.6918 - Running accuracy: 39.69% ( 3969 / 10000 )
Loading MNIST training samples...
Progress : 0 / 60000
Progress : 20000 / 60000
Progress : 40000 / 60000
Progress : 60000 / 60000
Training...
Training progress: sample (1000 / 60000) of epoch (1 / 1) - Elapsed time: 81.1928
Training progress: sample (2000 / 60000) of epoch (1 / 1) - Elapsed time: 171.7764
Training progress: sample (3000 / 60000) of epoch (1 / 1) - Elapsed time: 261.2000
Training progress: sample (4000 / 60000) of epoch (1 / 1) - Elapsed time: 350.7269
Training progress: sample (5000 / 60000) of epoch (1 / 1) - Elapsed time: 439.5851
Training progress: sample (6000 / 60000) of epoch (1 / 1) - Elapsed time: 532.9055
Training progress: sample (7000 / 60000) of epoch (1 / 1) - Elapsed time: 623.5891
Training progress: sample (8000 / 60000) of epoch (1 / 1) - Elapsed time: 711.9091
Training progress: sample (9000 / 60000) of epoch (1 / 1) - Elapsed time: 802.6048
Training progress: sample (10000 / 60000) of epoch (1 / 1) - Elapsed time: 892.4461
Training progress: sample (11000 / 60000) of epoch (1 / 1) - Elapsed time: 981.8099
Training progress: sample (12000 / 60000) of epoch (1 / 1) - Elapsed time: 1075.2387
Training progress: sample (13000 / 60000) of epoch (1 / 1) - Elapsed time: 1163.2553
Training progress: sample (14000 / 60000) of epoch (1 / 1) - Elapsed time: 1252.1408
Training progress: sample (15000 / 60000) of epoch (1 / 1) - Elapsed time: 1340.5990
Training progress: sample (16000 / 60000) of epoch (1 / 1) - Elapsed time: 1430.2066
Training progress: sample (17000 / 60000) of epoch (1 / 1) - Elapsed time: 1519.4110
Training progress: sample (18000 / 60000) of epoch (1 / 1) - Elapsed time: 1607.4290
Training progress: sample (19000 / 60000) of epoch (1 / 1) - Elapsed time: 1697.3064
Training progress: sample (20000 / 60000) of epoch (1 / 1) - Elapsed time: 1788.0931
Training progress: sample (21000 / 60000) of epoch (1 / 1) - Elapsed time: 1879.0668
Training progress: sample (22000 / 60000) of epoch (1 / 1) - Elapsed time: 1968.6715
Training progress: sample (23000 / 60000) of epoch (1 / 1) - Elapsed time: 2060.4238
Training progress: sample (24000 / 60000) of epoch (1 / 1) - Elapsed time: 2153.4322
Training progress: sample (25000 / 60000) of epoch (1 / 1) - Elapsed time: 2248.1356
Training progress: sample (26000 / 60000) of epoch (1 / 1) - Elapsed time: 2341.1849
Training progress: sample (27000 / 60000) of epoch (1 / 1) - Elapsed time: 2431.8233
Training progress: sample (28000 / 60000) of epoch (1 / 1) - Elapsed time: 2520.5443
Training progress: sample (29000 / 60000) of epoch (1 / 1) - Elapsed time: 2609.0086
Training progress: sample (30000 / 60000) of epoch (1 / 1) - Elapsed time: 2699.9786
Training progress: sample (31000 / 60000) of epoch (1 / 1) - Elapsed time: 2793.5883
Training progress: sample (32000 / 60000) of epoch (1 / 1) - Elapsed time: 2885.6237
Training progress: sample (33000 / 60000) of epoch (1 / 1) - Elapsed time: 2978.4928
Training progress: sample (34000 / 60000) of epoch (1 / 1) - Elapsed time: 3072.1007
Training progress: sample (35000 / 60000) of epoch (1 / 1) - Elapsed time: 3159.0703
Training progress: sample (36000 / 60000) of epoch (1 / 1) - Elapsed time: 3246.9556
Training progress: sample (37000 / 60000) of epoch (1 / 1) - Elapsed time: 3337.3878
Training progress: sample (38000 / 60000) of epoch (1 / 1) - Elapsed time: 3424.7518
Training progress: sample (39000 / 60000) of epoch (1 / 1) - Elapsed time: 3512.3534
Training progress: sample (40000 / 60000) of epoch (1 / 1) - Elapsed time: 3602.7202
Training progress: sample (41000 / 60000) of epoch (1 / 1) - Elapsed time: 3692.9232
Training progress: sample (42000 / 60000) of epoch (1 / 1) - Elapsed time: 3782.2149
Training progress: sample (43000 / 60000) of epoch (1 / 1) - Elapsed time: 3871.5319
Training progress: sample (44000 / 60000) of epoch (1 / 1) - Elapsed time: 3964.0300
Training progress: sample (45000 / 60000) of epoch (1 / 1) - Elapsed time: 4049.8284
Training progress: sample (46000 / 60000) of epoch (1 / 1) - Elapsed time: 4131.3066
Training progress: sample (47000 / 60000) of epoch (1 / 1) - Elapsed time: 4215.6062
Training progress: sample (48000 / 60000) of epoch (1 / 1) - Elapsed time: 4303.3938
Training progress: sample (49000 / 60000) of epoch (1 / 1) - Elapsed time: 4394.7992
Training progress: sample (50000 / 60000) of epoch (1 / 1) - Elapsed time: 4482.8334
Training progress: sample (51000 / 60000) of epoch (1 / 1) - Elapsed time: 4573.0880
Training progress: sample (52000 / 60000) of epoch (1 / 1) - Elapsed time: 4662.3152
Training progress: sample (53000 / 60000) of epoch (1 / 1) - Elapsed time: 4752.5272
Training progress: sample (54000 / 60000) of epoch (1 / 1) - Elapsed time: 4845.2587
Training progress: sample (55000 / 60000) of epoch (1 / 1) - Elapsed time: 4936.0898
Training progress: sample (56000 / 60000) of epoch (1 / 1) - Elapsed time: 5027.8765
Training progress: sample (57000 / 60000) of epoch (1 / 1) - Elapsed time: 5118.0278
Training progress: sample (58000 / 60000) of epoch (1 / 1) - Elapsed time: 5204.6121
[32m[I 2022-04-14 17:01:51,995][0m Trial 267 finished with value: 40.324032403240324 and parameters: {'tau': 0.08311259699934537, 'gamma': 7.099081372222781e-06}. Best is trial 150 with value: 49.14491449144914.[0m
[32m[I 2022-04-14 18:53:56,813][0m Trial 329 finished with value: 37.95379537953795 and parameters: {'tau': 0.020923025566594054, 'gamma': 6.388618757666327e-06}. Best is trial 150 with value: 49.14491449144914.[0m
Training progress: sample (59000 / 60000) of epoch (1 / 1) - Elapsed time: 5298.7874
Training progress: sample (60000 / 60000) of epoch (1 / 1) - Elapsed time: 5390.2622
Loading MNIST test samples...
Progress : 0 / 10000
Progress : 10000 / 10000
Testing...
Validation/test progress: sample (1000 / 10000) - Elapsed time: 67.2754 - Running accuracy: 37.14% ( 371 / 1000 )
Validation/test progress: sample (2000 / 10000) - Elapsed time: 132.9259 - Running accuracy: 36.77% ( 735 / 2000 )
Validation/test progress: sample (3000 / 10000) - Elapsed time: 198.8310 - Running accuracy: 36.81% ( 1104 / 3000 )
Validation/test progress: sample (4000 / 10000) - Elapsed time: 265.0722 - Running accuracy: 36.93% ( 1477 / 4000 )
Validation/test progress: sample (5000 / 10000) - Elapsed time: 331.3474 - Running accuracy: 37.51% ( 1875 / 5000 )
Validation/test progress: sample (6000 / 10000) - Elapsed time: 398.9830 - Running accuracy: 38.49% ( 2309 / 6000 )
Validation/test progress: sample (7000 / 10000) - Elapsed time: 465.7129 - Running accuracy: 38.52% ( 2696 / 7000 )
Validation/test progress: sample (8000 / 10000) - Elapsed time: 534.5110 - Running accuracy: 39.19% ( 3135 / 8000 )
Validation/test progress: sample (9000 / 10000) - Elapsed time: 601.9237 - Running accuracy: 39.94% ( 3594 / 9000 )
Validation/test progress: sample (10000 / 10000) - Elapsed time: 668.7127 - Running accuracy: 40.32% ( 4032 / 10000 )
Loading MNIST training samples...
Progress : 0 / 60000
Progress : 20000 / 60000
Progress : 40000 / 60000
Progress : 60000 / 60000
Training...
Training progress: sample (1000 / 60000) of epoch (1 / 1) - Elapsed time: 125.7510
Training progress: sample (2000 / 60000) of epoch (1 / 1) - Elapsed time: 260.2644
Training progress: sample (3000 / 60000) of epoch (1 / 1) - Elapsed time: 390.2733
Training progress: sample (4000 / 60000) of epoch (1 / 1) - Elapsed time: 517.1321
Training progress: sample (5000 / 60000) of epoch (1 / 1) - Elapsed time: 633.8011
Training progress: sample (6000 / 60000) of epoch (1 / 1) - Elapsed time: 730.5543
Training progress: sample (7000 / 60000) of epoch (1 / 1) - Elapsed time: 849.8384
Training progress: sample (8000 / 60000) of epoch (1 / 1) - Elapsed time: 966.9436
Training progress: sample (9000 / 60000) of epoch (1 / 1) - Elapsed time: 1081.8419
Training progress: sample (10000 / 60000) of epoch (1 / 1) - Elapsed time: 1180.9636
Training progress: sample (11000 / 60000) of epoch (1 / 1) - Elapsed time: 1282.2207
Training progress: sample (12000 / 60000) of epoch (1 / 1) - Elapsed time: 1382.4707
Training progress: sample (13000 / 60000) of epoch (1 / 1) - Elapsed time: 1480.0517
Training progress: sample (14000 / 60000) of epoch (1 / 1) - Elapsed time: 1578.4850
Training progress: sample (15000 / 60000) of epoch (1 / 1) - Elapsed time: 1675.8937
Training progress: sample (16000 / 60000) of epoch (1 / 1) - Elapsed time: 1776.6151
Training progress: sample (17000 / 60000) of epoch (1 / 1) - Elapsed time: 1878.1641
Training progress: sample (18000 / 60000) of epoch (1 / 1) - Elapsed time: 1978.1464
Training progress: sample (19000 / 60000) of epoch (1 / 1) - Elapsed time: 2078.6021
Training progress: sample (20000 / 60000) of epoch (1 / 1) - Elapsed time: 2174.5255
Training progress: sample (21000 / 60000) of epoch (1 / 1) - Elapsed time: 2277.7911
Training progress: sample (22000 / 60000) of epoch (1 / 1) - Elapsed time: 2377.6817
Training progress: sample (23000 / 60000) of epoch (1 / 1) - Elapsed time: 2474.8134
Training progress: sample (24000 / 60000) of epoch (1 / 1) - Elapsed time: 2574.2522
Training progress: sample (25000 / 60000) of epoch (1 / 1) - Elapsed time: 2677.7294
Training progress: sample (26000 / 60000) of epoch (1 / 1) - Elapsed time: 2777.1265
Training progress: sample (27000 / 60000) of epoch (1 / 1) - Elapsed time: 2877.1977
Training progress: sample (28000 / 60000) of epoch (1 / 1) - Elapsed time: 2974.6878
Training progress: sample (29000 / 60000) of epoch (1 / 1) - Elapsed time: 3076.9969
Training progress: sample (30000 / 60000) of epoch (1 / 1) - Elapsed time: 3183.3955
Training progress: sample (31000 / 60000) of epoch (1 / 1) - Elapsed time: 3285.3528
Training progress: sample (32000 / 60000) of epoch (1 / 1) - Elapsed time: 3385.3200
Training progress: sample (33000 / 60000) of epoch (1 / 1) - Elapsed time: 3482.5317
Training progress: sample (34000 / 60000) of epoch (1 / 1) - Elapsed time: 3583.6215
Training progress: sample (35000 / 60000) of epoch (1 / 1) - Elapsed time: 3682.5257
Training progress: sample (36000 / 60000) of epoch (1 / 1) - Elapsed time: 3784.0440
Training progress: sample (37000 / 60000) of epoch (1 / 1) - Elapsed time: 3884.4806
Training progress: sample (38000 / 60000) of epoch (1 / 1) - Elapsed time: 3989.3036
Training progress: sample (39000 / 60000) of epoch (1 / 1) - Elapsed time: 4095.5272
Training progress: sample (40000 / 60000) of epoch (1 / 1) - Elapsed time: 4190.2267
Training progress: sample (41000 / 60000) of epoch (1 / 1) - Elapsed time: 4289.7122
Training progress: sample (42000 / 60000) of epoch (1 / 1) - Elapsed time: 4385.8946
Training progress: sample (43000 / 60000) of epoch (1 / 1) - Elapsed time: 4480.7919
Training progress: sample (44000 / 60000) of epoch (1 / 1) - Elapsed time: 4577.8823
Training progress: sample (45000 / 60000) of epoch (1 / 1) - Elapsed time: 4669.4589
Training progress: sample (46000 / 60000) of epoch (1 / 1) - Elapsed time: 4760.5714
Training progress: sample (47000 / 60000) of epoch (1 / 1) - Elapsed time: 4850.8171
Training progress: sample (48000 / 60000) of epoch (1 / 1) - Elapsed time: 4943.5700
Training progress: sample (49000 / 60000) of epoch (1 / 1) - Elapsed time: 5037.9701
Training progress: sample (50000 / 60000) of epoch (1 / 1) - Elapsed time: 5126.9677
Training progress: sample (51000 / 60000) of epoch (1 / 1) - Elapsed time: 5221.5108
Training progress: sample (52000 / 60000) of epoch (1 / 1) - Elapsed time: 5313.2158
Training progress: sample (53000 / 60000) of epoch (1 / 1) - Elapsed time: 5405.9046
Training progress: sample (54000 / 60000) of epoch (1 / 1) - Elapsed time: 5497.0606
Training progress: sample (55000 / 60000) of epoch (1 / 1) - Elapsed time: 5591.1166
Training progress: sample (56000 / 60000) of epoch (1 / 1) - Elapsed time: 5683.7497
Training progress: sample (57000 / 60000) of epoch (1 / 1) - Elapsed time: 5775.0584
Training progress: sample (58000 / 60000) of epoch (1 / 1) - Elapsed time: 5866.7645
Training progress: sample (59000 / 60000) of epoch (1 / 1) - Elapsed time: 5957.1045
Training progress: sample (60000 / 60000) of epoch (1 / 1) - Elapsed time: 6050.8997
Loading MNIST test samples...
Progress : 0 / 10000
Progress : 10000 / 10000
Testing...
Validation/test progress: sample (1000 / 10000) - Elapsed time: 63.2682 - Running accuracy: 37.74% ( 377 / 1000 )
Validation/test progress: sample (2000 / 10000) - Elapsed time: 128.4201 - Running accuracy: 36.62% ( 732 / 2000 )
Validation/test progress: sample (3000 / 10000) - Elapsed time: 190.8517 - Running accuracy: 36.68% ( 1100 / 3000 )
Validation/test progress: sample (4000 / 10000) - Elapsed time: 254.6663 - Running accuracy: 36.31% ( 1452 / 4000 )
Validation/test progress: sample (5000 / 10000) - Elapsed time: 318.9358 - Running accuracy: 35.99% ( 1799 / 5000 )
Validation/test progress: sample (6000 / 10000) - Elapsed time: 382.8864 - Running accuracy: 36.39% ( 2183 / 6000 )
Validation/test progress: sample (7000 / 10000) - Elapsed time: 447.6050 - Running accuracy: 36.69% ( 2568 / 7000 )
Validation/test progress: sample (8000 / 10000) - Elapsed time: 513.6853 - Running accuracy: 37.02% ( 2961 / 8000 )
Validation/test progress: sample (9000 / 10000) - Elapsed time: 578.8357 - Running accuracy: 37.48% ( 3373 / 9000 )
Validation/test progress: sample (10000 / 10000) - Elapsed time: 641.8468 - Running accuracy: 37.95% ( 3795 / 10000 )
Loading MNIST training samples...
Progress : 0 / 60000
Progress : 20000 / 60000
Progress : 40000 / 60000
Progress : 60000 / 60000
Training...
Training progress: sample (1000 / 60000) of epoch (1 / 1) - Elapsed time: 81.1768
