
To list all available conda3 environments, use
	ls $CONDA_HOME/envs

To enable use of a miniconda software environment, use:
	module load conda3
	source $CONDA_PROF/conda.sh
	conda activate <environment name>

For example, to enable the vsearch 2.17.0 environment use:
	module load conda3
	source $CONDA_PROF/conda.sh
	conda activate vsearch-2.17.0

------------
Progress : 0 / 60000
Progress : 20000 / 60000
Progress : 40000 / 60000
Progress : 60000 / 60000
Progress : 0 / 10000
Progress : 10000 / 10000
Training...
Training progress: sample (5000 / 10000) of epoch (1 / 1) - Elapsed time: 510.9841
Training progress: sample (10000 / 10000) of epoch (1 / 1) - Elapsed time: 1023.1990
28.128128128128125
